
  .   ____          _            __ _ _
 /\\ / ___'_ __ _ _(_)_ __  __ _ \ \ \ \
( ( )\___ | '_ | '_| | '_ \/ _` | \ \ \ \
 \\/  ___)| |_)| | | | | || (_| |  ) ) ) )
  '  |____| .__|_| |_|_| |_\__, | / / / /
 =========|_|==============|___/=/_/_/_/
 :: Spring Boot ::                (v2.6.6)

2022-12-02 20:12:36.101  INFO 78639 --- [           main] com.wb.wbbackend.WbbackendApplication    : Starting WbbackendApplication v0.0.1-SNAPSHOT using Java 17.0.5 on mateus-silva with PID 78639 (/home/mateus/Documentos/atvi1-POO/atvi4/executavel/wbbackend.jar started by mateus in /home/mateus/Documentos/atvi1-POO/atvi4/executavel)
2022-12-02 20:12:36.104  INFO 78639 --- [           main] com.wb.wbbackend.WbbackendApplication    : No active profile set, falling back to 1 default profile: "default"
2022-12-02 20:12:36.752  INFO 78639 --- [           main] .s.d.r.c.RepositoryConfigurationDelegate : Multiple Spring Data modules found, entering strict repository configuration mode!
2022-12-02 20:12:36.753  INFO 78639 --- [           main] .s.d.r.c.RepositoryConfigurationDelegate : Bootstrapping Spring Data JDBC repositories in DEFAULT mode.
2022-12-02 20:12:36.777  INFO 78639 --- [           main] .RepositoryConfigurationExtensionSupport : Spring Data JDBC - Could not safely identify store assignment for repository candidate interface com.wb.wbbackend.repositorios.RepositorioCliente. If you want this repository to be a JDBC repository, consider annotating your entities with one of these annotations: org.springframework.data.relational.core.mapping.Table.
2022-12-02 20:12:36.778  INFO 78639 --- [           main] .s.d.r.c.RepositoryConfigurationDelegate : Finished Spring Data repository scanning in 21 ms. Found 0 JDBC repository interfaces.
2022-12-02 20:12:36.787  INFO 78639 --- [           main] .s.d.r.c.RepositoryConfigurationDelegate : Multiple Spring Data modules found, entering strict repository configuration mode!
2022-12-02 20:12:36.788  INFO 78639 --- [           main] .s.d.r.c.RepositoryConfigurationDelegate : Bootstrapping Spring Data JPA repositories in DEFAULT mode.
2022-12-02 20:12:36.813  INFO 78639 --- [           main] .s.d.r.c.RepositoryConfigurationDelegate : Finished Spring Data repository scanning in 20 ms. Found 1 JPA repository interfaces.
2022-12-02 20:12:37.383  INFO 78639 --- [           main] o.s.b.w.embedded.tomcat.TomcatWebServer  : Tomcat initialized with port(s): 32832 (http)
2022-12-02 20:12:37.396  INFO 78639 --- [           main] o.apache.catalina.core.StandardService   : Starting service [Tomcat]
2022-12-02 20:12:37.396  INFO 78639 --- [           main] org.apache.catalina.core.StandardEngine  : Starting Servlet engine: [Apache Tomcat/9.0.60]
2022-12-02 20:12:37.456  INFO 78639 --- [           main] o.a.c.c.C.[Tomcat].[localhost].[/]       : Initializing Spring embedded WebApplicationContext
2022-12-02 20:12:37.456  INFO 78639 --- [           main] w.s.c.ServletWebServerApplicationContext : Root WebApplicationContext: initialization completed in 1293 ms
2022-12-02 20:12:37.592  INFO 78639 --- [           main] com.zaxxer.hikari.HikariDataSource       : HikariPool-1 - Starting...
2022-12-02 20:12:37.739  INFO 78639 --- [           main] com.zaxxer.hikari.HikariDataSource       : HikariPool-1 - Start completed.
2022-12-02 20:12:37.782  INFO 78639 --- [           main] o.hibernate.jpa.internal.util.LogHelper  : HHH000204: Processing PersistenceUnitInfo [name: default]
2022-12-02 20:12:37.823  INFO 78639 --- [           main] org.hibernate.Version                    : HHH000412: Hibernate ORM core version 5.6.7.Final
2022-12-02 20:12:37.955  INFO 78639 --- [           main] o.hibernate.annotations.common.Version   : HCANN000001: Hibernate Commons Annotations {5.1.2.Final}
2022-12-02 20:12:38.038  INFO 78639 --- [           main] org.hibernate.dialect.Dialect            : HHH000400: Using dialect: org.hibernate.dialect.H2Dialect
2022-12-02 20:12:38.537  INFO 78639 --- [           main] o.h.e.t.j.p.i.JtaPlatformInitiator       : HHH000490: Using JtaPlatform implementation: [org.hibernate.engine.transaction.jta.platform.internal.NoJtaPlatform]
2022-12-02 20:12:38.542  INFO 78639 --- [           main] j.LocalContainerEntityManagerFactoryBean : Initialized JPA EntityManagerFactory for persistence unit 'default'
2022-12-02 20:12:38.814  WARN 78639 --- [           main] JpaBaseConfiguration$JpaWebConfiguration : spring.jpa.open-in-view is enabled by default. Therefore, database queries may be performed during view rendering. Explicitly configure spring.jpa.open-in-view to disable this warning
2022-12-02 20:12:39.277  INFO 78639 --- [           main] o.s.b.w.embedded.tomcat.TomcatWebServer  : Tomcat started on port(s): 32832 (http) with context path ''
2022-12-02 20:12:39.287  INFO 78639 --- [           main] com.wb.wbbackend.WbbackendApplication    : Started WbbackendApplication in 3.653 seconds (JVM running for 4.026)
2022-12-02 20:13:08.954  INFO 78639 --- [ionShutdownHook] j.LocalContainerEntityManagerFactoryBean : Closing JPA EntityManagerFactory for persistence unit 'default'
2022-12-02 20:13:08.955  INFO 78639 --- [ionShutdownHook] .SchemaDropperImpl$DelayedDropActionImpl : HHH000477: Starting delayed evictData of schema as part of SessionFactory shut-down'
2022-12-02 20:13:08.966  INFO 78639 --- [ionShutdownHook] com.zaxxer.hikari.HikariDataSource       : HikariPool-1 - Shutdown initiated...
2022-12-02 20:13:08.968  INFO 78639 --- [ionShutdownHook] com.zaxxer.hikari.HikariDataSource       : HikariPool-1 - Shutdown completed.
